<?xml version="1.0" encoding="UTF-8"?>
<testng-results ignored="0" total="1" passed="1" failed="0" skipped="0">
  <reporter-output>
  </reporter-output>
  <suite started-at="2021-08-21T15:52:31Z" name="Default suite" finished-at="2021-08-21T15:52:38Z" duration-ms="6980">
    <groups>
    </groups>
    <test started-at="2021-08-21T15:52:31Z" name="Default test" finished-at="2021-08-21T15:52:38Z" duration-ms="6980">
      <class name="test.NewTest">
        <test-method signature="f()[pri:0, instance:test.NewTest@27d5a580]" started-at="2021-08-21T10:52:31Z" name="f" finished-at="2021-08-21T10:52:38Z" duration-ms="6878" status="PASS">
          <reporter-output>
          </reporter-output>
        </test-method> <!-- f -->
      </class> <!-- test.NewTest -->
    </test> <!-- Default test -->
  </suite> <!-- Default suite -->
</testng-results>
